<?xml version="1.0" encoding="UTF-8"?>
<!-- Generated by org.testng.reporters.JUnitXMLReporter -->
<testsuite ignored="0" hostname="DESKTOP-TLPUB16" failures="0" tests="5" name="Default test" time="26.449" errors="0" timestamp="2025-07-23T11:38:36 IST">
  <testcase classname="com.api.tests.PetApi" name="postNewPet" time="11.77"/>
  <testcase classname="com.api.tests.PetApi" name="getNewPet" time="1.378"/>
  <testcase classname="com.api.tests.PetApi" name="putPet" time="1.548"/>
  <testcase classname="com.api.tests.PetApi" name="getPetStatus" time="2.17"/>
  <testcase classname="com.api.tests.PetApi" name="deletePet" time="3.956"/>
</testsuite> <!-- Default test -->
