<?xml version="1.0" encoding="UTF-8"?>
<testsuite xmlns:xsi="http://www.w3.org/2001/XMLSchema-instance" xsi:noNamespaceSchemaLocation="https://maven.apache.org/surefire/maven-surefire-plugin/xsd/surefire-test-report.xsd" version="3.0.1" name="com.api.tests.UserApi" time="11.789" tests="2" errors="0" skipped="0" failures="0">
  <properties>
[...]
</properties>
  <testcase name="postUser" classname="com.api.tests.UserApi" time="6.192">
    <system-out><![CDATA[HTTP/1.1 200 OK
Date: Thu, 24 Jul 2025 00:35:05 GMT
Content-Type: application/json
Transfer-Encoding: chunked
Connection: keep-alive
Access-Control-Allow-Origin: *
Access-Control-Allow-Methods: GET, POST, DELETE, PUT
Access-Control-Allow-Headers: Content-Type, api_key, Authorization
Server: Jetty(9.2.9.v20150224)

{
    "code": 200,
    "type": "unknown",
    "message": "24"
}
rchintha
]]></system-out>
    <system-err><![CDATA[SLF4J(W): No SLF4J providers were found.
SLF4J(W): Defaulting to no-operation (NOP) logger implementation
SLF4J(W): See https://www.slf4j.org/codes.html#noProviders for further details.
]]></system-err>
  </testcase>
  <testcase name="getUser" classname="com.api.tests.UserApi" time="1.311">
    <system-out><![CDATA[rchintha
HTTP/1.1 200 OK
Date: Thu, 24 Jul 2025 00:35:07 GMT
Content-Type: application/json
Transfer-Encoding: chunked
Connection: keep-alive
Access-Control-Allow-Origin: *
Access-Control-Allow-Methods: GET, POST, DELETE, PUT
Access-Control-Allow-Headers: Content-Type, api_key, Authorization
Server: Jetty(9.2.9.v20150224)

{
    "id": 24,
    "username": "rchintha",
    "email": "hello@gmail.com",
    "password": "Hello123",
    "phone": "(+91) 123 456 7898",
    "userStatus": 4
}
]]></system-out>
  </testcase>
</testsuite>