<?xml version="1.0" encoding="UTF-8"?>
<testng-results ignored="0" total="2" passed="2" failed="0" skipped="0">
  <reporter-output>
  </reporter-output>
  <suite started-at="2025-07-24T06:04:57 IST" name="Surefire suite" finished-at="2025-07-24T06:05:08 IST" duration-ms="10298">
    <groups>
    </groups>
    <test started-at="2025-07-24T06:04:57 IST" name="Surefire test" finished-at="2025-07-24T06:05:08 IST" duration-ms="10298">
      <class name="com.api.tests.UserApi">
        <test-method is-config="true" signature="reportSetup()[pri:0, instance:com.api.tests.UserApi@14555e0a]" started-at="2025-07-24T06:04:57 IST" name="reportSetup" finished-at="2025-07-24T06:04:59 IST" duration-ms="1660" status="PASS">
          <reporter-output>
          </reporter-output>
        </test-method> <!-- reportSetup -->
        <test-method signature="postUser()[pri:1, instance:com.api.tests.UserApi@14555e0a]" started-at="2025-07-24T06:04:59 IST" name="postUser" finished-at="2025-07-24T06:05:05 IST" duration-ms="6185" status="PASS">
          <reporter-output>
          </reporter-output>
        </test-method> <!-- postUser -->
        <test-method signature="getUser()[pri:2, instance:com.api.tests.UserApi@14555e0a]" started-at="2025-07-24T06:05:05 IST" name="getUser" finished-at="2025-07-24T06:05:07 IST" depends-on-methods="com.api.tests.UserApi.postUser" duration-ms="1311" status="PASS">
          <reporter-output>
          </reporter-output>
        </test-method> <!-- getUser -->
        <test-method is-config="true" signature="reportTearDown()[pri:0, instance:com.api.tests.UserApi@14555e0a]" started-at="2025-07-24T06:05:07 IST" name="reportTearDown" finished-at="2025-07-24T06:05:08 IST" duration-ms="1045" status="PASS">
          <reporter-output>
          </reporter-output>
        </test-method> <!-- reportTearDown -->
      </class> <!-- com.api.tests.UserApi -->
    </test> <!-- Surefire test -->
  </suite> <!-- Surefire suite -->
</testng-results>
