<?xml version="1.0" encoding="UTF-8"?>
<testng-results ignored="0" total="2" passed="2" failed="0" skipped="0">
  <reporter-output>
  </reporter-output>
  <suite started-at="2025-07-22T11:50:05 IST" name="Default suite" finished-at="2025-07-22T11:50:24 IST" duration-ms="18993">
    <groups>
    </groups>
    <test started-at="2025-07-22T11:50:05 IST" name="Default test" finished-at="2025-07-22T11:50:24 IST" duration-ms="18993">
      <class name="com.api.tests.UserApi">
        <test-method is-config="true" signature="reportSetup()[pri:0, instance:com.api.tests.UserApi@6be968ce]" started-at="2025-07-22T11:50:06 IST" name="reportSetup" finished-at="2025-07-22T11:50:09 IST" duration-ms="3293" status="PASS">
          <reporter-output>
          </reporter-output>
        </test-method> <!-- reportSetup -->
        <test-method signature="postUser()[pri:1, instance:com.api.tests.UserApi@6be968ce]" started-at="2025-07-22T11:50:09 IST" name="postUser" finished-at="2025-07-22T11:50:21 IST" duration-ms="11945" status="PASS">
          <reporter-output>
          </reporter-output>
        </test-method> <!-- postUser -->
        <test-method signature="getUser()[pri:2, instance:com.api.tests.UserApi@6be968ce]" started-at="2025-07-22T11:50:21 IST" name="getUser" finished-at="2025-07-22T11:50:23 IST" depends-on-methods="com.api.tests.UserApi.postUser" duration-ms="1830" status="PASS">
          <reporter-output>
          </reporter-output>
        </test-method> <!-- getUser -->
        <test-method is-config="true" signature="reportTearDown()[pri:0, instance:com.api.tests.UserApi@6be968ce]" started-at="2025-07-22T11:50:23 IST" name="reportTearDown" finished-at="2025-07-22T11:50:24 IST" duration-ms="1624" status="PASS">
          <reporter-output>
          </reporter-output>
        </test-method> <!-- reportTearDown -->
      </class> <!-- com.api.tests.UserApi -->
    </test> <!-- Default test -->
  </suite> <!-- Default suite -->
</testng-results>
