<?xml version="1.0" encoding="UTF-8"?>
<testng-results ignored="0" total="5" passed="5" failed="0" skipped="0">
  <reporter-output>
  </reporter-output>
  <suite started-at="2025-07-23T11:38:09 IST" name="Default suite" finished-at="2025-07-23T11:38:36 IST" duration-ms="26449">
    <groups>
    </groups>
    <test started-at="2025-07-23T11:38:09 IST" name="Default test" finished-at="2025-07-23T11:38:36 IST" duration-ms="26449">
      <class name="com.api.tests.PetApi">
        <test-method is-config="true" signature="reportSetup()[pri:0, instance:com.api.tests.PetApi@1033576a]" started-at="2025-07-23T11:38:09 IST" name="reportSetup" finished-at="2025-07-23T11:38:12 IST" duration-ms="3037" status="PASS">
          <reporter-output>
          </reporter-output>
        </test-method> <!-- reportSetup -->
        <test-method signature="postNewPet()[pri:1, instance:com.api.tests.PetApi@1033576a]" started-at="2025-07-23T11:38:12 IST" name="postNewPet" finished-at="2025-07-23T11:38:24 IST" duration-ms="11770" status="PASS">
          <reporter-output>
          </reporter-output>
        </test-method> <!-- postNewPet -->
        <test-method signature="getNewPet()[pri:2, instance:com.api.tests.PetApi@1033576a]" started-at="2025-07-23T11:38:24 IST" name="getNewPet" finished-at="2025-07-23T11:38:26 IST" depends-on-methods="com.api.tests.PetApi.postNewPet" duration-ms="1378" status="PASS">
          <reporter-output>
          </reporter-output>
        </test-method> <!-- getNewPet -->
        <test-method signature="putPet()[pri:3, instance:com.api.tests.PetApi@1033576a]" started-at="2025-07-23T11:38:26 IST" name="putPet" finished-at="2025-07-23T11:38:27 IST" depends-on-methods="com.api.tests.PetApi.getNewPet" duration-ms="1548" status="PASS">
          <reporter-output>
          </reporter-output>
        </test-method> <!-- putPet -->
        <test-method signature="getPetStatus()[pri:4, instance:com.api.tests.PetApi@1033576a]" started-at="2025-07-23T11:38:27 IST" name="getPetStatus" finished-at="2025-07-23T11:38:29 IST" duration-ms="2170" status="PASS">
          <reporter-output>
          </reporter-output>
        </test-method> <!-- getPetStatus -->
        <test-method signature="deletePet()[pri:5, instance:com.api.tests.PetApi@1033576a]" started-at="2025-07-23T11:38:29 IST" name="deletePet" finished-at="2025-07-23T11:38:33 IST" duration-ms="3956" status="PASS">
          <reporter-output>
          </reporter-output>
        </test-method> <!-- deletePet -->
        <test-method is-config="true" signature="reportTearDown()[pri:0, instance:com.api.tests.PetApi@1033576a]" started-at="2025-07-23T11:38:33 IST" name="reportTearDown" finished-at="2025-07-23T11:38:36 IST" duration-ms="2336" status="PASS">
          <reporter-output>
          </reporter-output>
        </test-method> <!-- reportTearDown -->
      </class> <!-- com.api.tests.PetApi -->
    </test> <!-- Default test -->
  </suite> <!-- Default suite -->
</testng-results>
